[28/04/2019 07:06:29.367]|[INFO]|Default IE Selected: Mozilla/5.0 (Windows NT 6.1; Trident/7.0; rv:11.0) like Gecko
[28/04/2019 07:06:29.412]|[INFO]|Starting job http://localhost/2.php
[28/04/2019 07:06:29.989]|[INFO]|Last page Navigated to Lolz3 status: 200 date: Sun, 28 Apr 2019 14:06:29 GMT
[28/04/2019 07:06:29.993]|[INFO]|Found frames: 1
[28/04/2019 07:06:30.006]|[INFO]|Creating file: /home/ico/Desktop/Work/WebsiteRaker-20190424T100537Z-001/WebsiteRaker/malware/fileCreated.js
[28/04/2019 07:06:30.014]|[INFO]|
[28/04/2019 07:15:13.463]|[INFO]|Default IE Selected: Mozilla/5.0 (Windows NT 6.1; Trident/7.0; rv:11.0) like Gecko
[28/04/2019 07:15:13.510]|[INFO]|Starting job http://localhost/1.php
[28/04/2019 07:15:14.166]|[INFO]|Last page Navigated to Lolz3 status: 200 date: Sun, 28 Apr 2019 14:15:14 GMT
[28/04/2019 07:15:14.170]|[INFO]|Found frames: 1
[28/04/2019 07:15:14.183]|[INFO]|Creating file: /home/ico/Desktop/Work/WebsiteRaker-20190424T100537Z-001/WebsiteRaker/malware/fileCreated.js
[28/04/2019 07:17:33.200]|[INFO]|Default IE Selected: Mozilla/5.0 (Windows NT 6.1; Trident/7.0; rv:11.0) like Gecko
[28/04/2019 07:17:33.259]|[INFO]|Starting job http://localhost/1.php
[28/04/2019 07:17:33.835]|[INFO]|Last page Navigated to Lolz3 status: 200 date: Sun, 28 Apr 2019 14:17:33 GMT
[28/04/2019 07:17:33.842]|[INFO]|Found frames: 1
[28/04/2019 07:17:33.866]|[INFO]|Creating file: /home/ico/Desktop/Work/WebsiteRaker-20190424T100537Z-001/WebsiteRaker/malware/fileCreated.js
[28/04/2019 07:18:00.944]|[INFO]|Default IE Selected: Mozilla/5.0 (Windows NT 6.1; Trident/7.0; rv:11.0) like Gecko
[28/04/2019 07:18:01.003]|[INFO]|Starting job http://localhost/1.php
[28/04/2019 07:18:01.655]|[INFO]|Last page Navigated to Lolz3 status: 200 date: Sun, 28 Apr 2019 14:18:01 GMT
[28/04/2019 07:18:01.658]|[INFO]|Found frames: 1
[28/04/2019 07:18:01.664]|[INFO]|script||
[28/04/2019 07:18:01.665]|[INFO]|script||
[28/04/2019 07:18:01.671]|[INFO]|Creating file: /home/ico/Desktop/Work/WebsiteRaker-20190424T100537Z-001/WebsiteRaker/malware/fileCreated.js
[28/04/2019 07:20:26.500]|[INFO]|Default IE Selected: Mozilla/5.0 (Windows NT 6.1; Trident/7.0; rv:11.0) like Gecko
[28/04/2019 07:20:26.546]|[INFO]|Starting job http://localhost/1.php
[28/04/2019 07:20:27.126]|[INFO]|Last page Navigated to Lolz3 status: 200 date: Sun, 28 Apr 2019 14:20:27 GMT
[28/04/2019 07:20:27.129]|[INFO]|Found frames: 1
[28/04/2019 07:20:27.146]|[INFO]|script|| - <script>
//<![CDATA[
document.write("<hr>#3");
//]]>
</script>

[28/04/2019 07:20:27.147]|[INFO]|script|| - <script type="text/javascript">
//<![CDATA[

eval(1+1+1+1);
document.write("188888");

//]]>
</script>

[28/04/2019 07:20:27.154]|[INFO]|Creating file: /home/ico/Desktop/Work/WebsiteRaker-20190424T100537Z-001/WebsiteRaker/malware/fileCreated.js
[28/04/2019 07:25:20.083]|[INFO]|Default IE Selected: Mozilla/5.0 (Windows NT 6.1; Trident/7.0; rv:11.0) like Gecko
[28/04/2019 07:25:20.141]|[INFO]|Starting job http://localhost/3.php
[28/04/2019 07:25:20.650]|[INFO]|Last page Navigated to Lolz3 status: 200 date: Sun, 28 Apr 2019 14:25:20 GMT
[28/04/2019 07:25:20.653]|[INFO]|Found frames: 1
[28/04/2019 07:25:20.660]|[INFO]|script||
[28/04/2019 07:25:20.661]|[INFO]|script||
[28/04/2019 07:25:20.668]|[INFO]|Creating file: /home/ico/Desktop/Work/WebsiteRaker-20190424T100537Z-001/WebsiteRaker/malware/fileCreated.js
[28/04/2019 07:26:40.491]|[INFO]|Default IE Selected: Mozilla/5.0 (Windows NT 6.1; Trident/7.0; rv:11.0) like Gecko
[28/04/2019 07:26:40.568]|[INFO]|Starting job http://localhost/1.php
[28/04/2019 07:26:41.071]|[INFO]|Last page Navigated to Lolz3 status: 200 date: Sun, 28 Apr 2019 14:26:41 GMT
[28/04/2019 07:26:41.075]|[INFO]|Found frames: 1
[28/04/2019 07:26:41.082]|[INFO]|script||HtmlScript[<script>document.write("<hr>#3");]
[28/04/2019 07:26:41.083]|[INFO]|script||HtmlScript[<script type="text/javascript">
eval(1+1+1+1);
document.write("188888");
]
[28/04/2019 07:26:41.090]|[INFO]|Creating file: /home/ico/Desktop/Work/WebsiteRaker-20190424T100537Z-001/WebsiteRaker/malware/fileCreated.js
[28/04/2019 07:28:14.429]|[INFO]|Default IE Selected: Mozilla/5.0 (Windows NT 6.1; Trident/7.0; rv:11.0) like Gecko
[28/04/2019 07:28:14.547]|[INFO]|Starting job http://localhost/1.php
[28/04/2019 07:28:15.112]|[INFO]|Last page Navigated to Lolz3 status: 200 date: Sun, 28 Apr 2019 14:28:15 GMT
[28/04/2019 07:28:15.115]|[INFO]|Found frames: 1
[28/04/2019 07:28:15.122]|[INFO]|script||HtmlScript[<script>document.write("<hr>#3");]
[28/04/2019 07:28:15.122]|[INFO]|script||HtmlScript[<script type="text/javascript">
eval(1+1+1+1);
document.write("188888");
]
[28/04/2019 07:28:15.130]|[INFO]|Creating file: /home/ico/Desktop/Work/WebsiteRaker-20190424T100537Z-001/WebsiteRaker/malware/fileCreated.js
[28/04/2019 07:30:45.686]|[INFO]|Default IE Selected: Mozilla/5.0 (Windows NT 6.1; Trident/7.0; rv:11.0) like Gecko
[28/04/2019 07:30:45.740]|[INFO]|Starting job http://localhost/1.php
[28/04/2019 07:30:46.328]|[INFO]|Last page Navigated to Lolz3 status: 200 date: Sun, 28 Apr 2019 14:30:46 GMT
[28/04/2019 07:30:46.331]|[INFO]|Found frames: 1
[28/04/2019 07:30:46.341]|[INFO]|script||document.write("<hr>#3");
[28/04/2019 07:30:46.341]|[INFO]|script||
eval(1+1+1+1);
document.write("188888");

[28/04/2019 07:30:46.349]|[INFO]|Creating file: /home/ico/Desktop/Work/WebsiteRaker-20190424T100537Z-001/WebsiteRaker/malware/fileCreated.js
[28/04/2019 07:34:25.038]|[INFO]|Default IE Selected: Mozilla/5.0 (Windows NT 6.1; Trident/7.0; rv:11.0) like Gecko
[28/04/2019 07:34:25.085]|[INFO]|Starting job http://localhost/1.php
[28/04/2019 07:34:25.767]|[INFO]|Last page Navigated to Lolz3 status: 200 date: Sun, 28 Apr 2019 14:34:25 GMT
[28/04/2019 07:34:25.773]|[INFO]|Found frames: 1
[28/04/2019 07:34:25.777]|[INFO]|script||document.write("<hr>#3");
[28/04/2019 07:34:25.778]|[INFO]|script||
eval(1+1+1+1);
document.write("188888");

[28/04/2019 07:34:25.788]|[INFO]|Creating file: /home/ico/Desktop/Work/WebsiteRaker-20190424T100537Z-001/WebsiteRaker/malware/fileCreated.js
[28/04/2019 07:35:10.589]|[INFO]|Default IE Selected: Mozilla/5.0 (Windows NT 6.1; Trident/7.0; rv:11.0) like Gecko
[28/04/2019 07:35:10.648]|[INFO]|Starting job http://localhost/1.php
[28/04/2019 07:35:11.336]|[INFO]|Last page Navigated to Lolz3 status: 200 date: Sun, 28 Apr 2019 14:35:11 GMT
[28/04/2019 07:35:11.339]|[INFO]|Found frames: 1
[28/04/2019 07:35:11.346]|[INFO]|script||document.write("<hr>#3");
[28/04/2019 07:35:11.347]|[INFO]|script||
eval(1+1+1+1);
document.write("188888");

[28/04/2019 07:35:11.355]|[INFO]|Creating file: /home/ico/Desktop/Work/WebsiteRaker-20190424T100537Z-001/WebsiteRaker/malware/fileCreated.js
[28/04/2019 07:42:34.488]|[INFO]|Default IE Selected: Mozilla/5.0 (Windows NT 6.1; Trident/7.0; rv:11.0) like Gecko
[28/04/2019 07:42:34.525]|[INFO]|Starting job http://localhost/1.php
[28/04/2019 07:42:35.109]|[INFO]|Last page Navigated to Lolz3 status: 200 date: Sun, 28 Apr 2019 14:42:35 GMT
[28/04/2019 07:42:35.113]|[INFO]|Found frames: 1
[28/04/2019 07:42:35.120]|[INFO]|script||document.write("<hr>#3");
[28/04/2019 07:42:35.121]|[INFO]|script||
eval(1+1+1+1);
document.write("188888");
[28/04/2019 07:42:35.128]|[INFO]|Creating file: /home/ico/Desktop/Work/WebsiteRaker-20190424T100537Z-001/WebsiteRaker/malware/fileCreated.js
[28/04/2019 07:49:21.577]|[INFO]|Default IE Selected: Mozilla/5.0 (Windows NT 6.1; Trident/7.0; rv:11.0) like Gecko
[28/04/2019 07:49:21.622]|[INFO]|Starting job http://localhost/1.php
[28/04/2019 07:49:22.283]|[INFO]|Last page Navigated to Lolz3 status: 200 date: Sun, 28 Apr 2019 14:49:22 GMT
[28/04/2019 07:49:22.287]|[INFO]|Found frames: 1
[28/04/2019 07:49:22.288]|[INFO]|FrameWindow[name=""]
[28/04/2019 07:49:22.296]|[INFO]|script||document.write("<hr>#3");
[28/04/2019 07:49:22.296]|[INFO]|script||
eval(1+1+1+1);
document.write("188888");
[28/04/2019 07:49:22.304]|[INFO]|Creating file: /home/ico/Desktop/Work/WebsiteRaker-20190424T100537Z-001/WebsiteRaker/malware/fileCreated.js
[28/04/2019 07:50:06.010]|[INFO]|Default IE Selected: Mozilla/5.0 (Windows NT 6.1; Trident/7.0; rv:11.0) like Gecko
[28/04/2019 07:50:06.080]|[INFO]|Starting job http://localhost/1.php
[28/04/2019 07:50:06.685]|[INFO]|Last page Navigated to Lolz3 status: 200 date: Sun, 28 Apr 2019 14:50:06 GMT
[28/04/2019 07:50:06.690]|[INFO]|Found frames: 1
[28/04/2019 07:50:06.696]|[INFO]|Lolz3
#3 188888
Lolz4 refooro http://localhost/3.php?id=2
entry
second
PPPPPsisu
[28/04/2019 07:50:06.700]|[INFO]|script||document.write("<hr>#3");
[28/04/2019 07:50:06.701]|[INFO]|script||
eval(1+1+1+1);
document.write("188888");
[28/04/2019 07:50:06.708]|[INFO]|Creating file: /home/ico/Desktop/Work/WebsiteRaker-20190424T100537Z-001/WebsiteRaker/malware/fileCreated.js
[28/04/2019 07:53:22.007]|[INFO]|Default IE Selected: Mozilla/5.0 (Windows NT 6.1; Trident/7.0; rv:11.0) like Gecko
[28/04/2019 07:53:22.043]|[INFO]|Starting job http://localhost/1.php
[28/04/2019 07:53:22.718]|[INFO]|Last page Navigated to Lolz3 status: 200 date: Sun, 28 Apr 2019 14:53:22 GMT
[28/04/2019 07:53:22.721]|[INFO]|Found frames: 1
[28/04/2019 07:53:22.724]|[INFO]|script||document.write("<hr>#3");
[28/04/2019 07:53:22.724]|[INFO]|script||
eval(1+1+1+1);
document.write("188888");
[28/04/2019 07:53:22.731]|[INFO]|Creating file: /home/ico/Desktop/Work/WebsiteRaker-20190424T100537Z-001/WebsiteRaker/malware/fileCreated.js
[28/04/2019 07:55:13.592]|[INFO]|Default IE Selected: Mozilla/5.0 (Windows NT 6.1; Trident/7.0; rv:11.0) like Gecko
[28/04/2019 07:55:13.640]|[INFO]|Starting job http://localhost/1.php
[28/04/2019 07:55:14.175]|[INFO]|Last page Navigated to Lolz3 status: 200 date: Sun, 28 Apr 2019 14:55:14 GMT
[28/04/2019 07:55:14.179]|[INFO]|Found frames: 1
[28/04/2019 07:55:14.186]|[INFO]|script||document.write("<hr>#3");
[28/04/2019 07:55:14.186]|[INFO]|script||
eval(1+1+1+1);
document.write("188888");
[28/04/2019 07:55:14.192]|[INFO]|Creating file: /home/ico/Desktop/Work/WebsiteRaker-20190424T100537Z-001/WebsiteRaker/malware/fileCreated.js
[28/04/2019 08:00:02.344]|[INFO]|Default IE Selected: Mozilla/5.0 (Windows NT 6.1; Trident/7.0; rv:11.0) like Gecko
[28/04/2019 08:00:02.379]|[INFO]|Starting job http://localhost/1.php
[28/04/2019 08:00:02.977]|[INFO]|Last page Navigated to Lolz3 status: 200 date: Sun, 28 Apr 2019 15:00:02 GMT
[28/04/2019 08:00:02.985]|[INFO]|Found frames: 1 | Content<?xml version="1.0" encoding="UTF-8"?>
<html>
  <head>
    <title>
      Lolz3
    </title>
  </head>
  <body>
    <script>
//<![CDATA[
document.write("<hr>#3");
//]]>
    </script>
    <hr/>
    #3

    <script type="text/javascript">
//<![CDATA[

eval(1+1+1+1);
document.write("188888");
//]]>
    </script>
    188888


    <iframe id="farmozz" src="http://localhost/4.php?l">
    </iframe>
    <div id="first">
      entry
    </div>
    <div id="owow">
      second
    </div>
    <p id="lappa">
      PPPPPsisu
    </p>
  </body>
</html>

[28/04/2019 08:00:02.992]|[INFO]|script||document.write("<hr>#3");
[28/04/2019 08:00:02.993]|[INFO]|script||
eval(1+1+1+1);
document.write("188888");
[28/04/2019 08:00:02.997]|[INFO]|Creating file: /home/ico/Desktop/Work/WebsiteRaker-20190424T100537Z-001/WebsiteRaker/malware/fileCreated.js
[28/04/2019 08:01:53.795]|[INFO]|Default IE Selected: Mozilla/5.0 (Windows NT 6.1; Trident/7.0; rv:11.0) like Gecko
[28/04/2019 08:01:53.843]|[INFO]|Starting job http://localhost/1.php
[28/04/2019 08:01:54.419]|[INFO]|Last page Navigated to Lolz3 status: 200 date: Sun, 28 Apr 2019 15:01:54 GMT
[28/04/2019 08:01:54.427]|[INFO]|Found frames: 1 | Content[HtmlDivision[<div id="first">], HtmlDivision[<div id="owow">]]
[28/04/2019 08:01:54.434]|[INFO]|script||document.write("<hr>#3");
[28/04/2019 08:01:54.435]|[INFO]|script||
eval(1+1+1+1);
document.write("188888");
[28/04/2019 08:01:54.439]|[INFO]|Creating file: /home/ico/Desktop/Work/WebsiteRaker-20190424T100537Z-001/WebsiteRaker/malware/fileCreated.js
[28/04/2019 08:03:51.354]|[INFO]|Default IE Selected: Mozilla/5.0 (Windows NT 6.1; Trident/7.0; rv:11.0) like Gecko
[28/04/2019 08:03:51.381]|[INFO]|Starting job http://localhost/1.php
[28/04/2019 08:03:51.947]|[INFO]|Last page Navigated to Lolz3 status: 200 date: Sun, 28 Apr 2019 15:03:51 GMT
[28/04/2019 08:03:51.976]|[INFO]|Found frames: 1 | ContentLolz3
[28/04/2019 08:03:51.991]|[INFO]|script||document.write("<hr>#3");
[28/04/2019 08:03:51.994]|[INFO]|script||
eval(1+1+1+1);
document.write("188888");
[28/04/2019 08:03:52.003]|[INFO]|Creating file: /home/ico/Desktop/Work/WebsiteRaker-20190424T100537Z-001/WebsiteRaker/malware/fileCreated.js
[28/04/2019 08:06:09.781]|[INFO]|Default IE Selected: Mozilla/5.0 (Windows NT 6.1; Trident/7.0; rv:11.0) like Gecko
[28/04/2019 08:06:09.812]|[INFO]|Starting job http://localhost/1.php
[28/04/2019 08:06:10.351]|[INFO]|Last page Navigated to Lolz3 status: 200 date: Sun, 28 Apr 2019 15:06:10 GMT
[28/04/2019 08:06:10.356]|[INFO]|Found frames: 1
[28/04/2019 08:06:10.367]|[INFO]|Lolz3
#3 188888
Lolz4 refooro http://localhost/3.php?id=2 4 no id 4 - withid
entry
second
PPPPPsisu
[28/04/2019 08:06:10.373]|[INFO]|script||document.write("<hr>#3");
[28/04/2019 08:06:10.375]|[INFO]|script||
eval(1+1+1+1);
document.write("188888");
[28/04/2019 08:06:10.389]|[INFO]|Creating file: /home/ico/Desktop/Work/WebsiteRaker-20190424T100537Z-001/WebsiteRaker/malware/fileCreated.js
[28/04/2019 08:10:59.417]|[INFO]|Default IE Selected: Mozilla/5.0 (Windows NT 6.1; Trident/7.0; rv:11.0) like Gecko
[28/04/2019 08:10:59.451]|[INFO]|Starting job http://localhost/1.php
[28/04/2019 08:11:00.012]|[INFO]|Last page Navigated to Lolz3 status: 200 date: Sun, 28 Apr 2019 15:10:59 GMT
[28/04/2019 08:11:00.015]|[INFO]|Found frames: 1
[28/04/2019 08:11:00.020]|[INFO]|Lolz4
refooro http://localhost/3.php?id=2
4 no id
 4 - withid
[28/04/2019 08:11:00.023]|[INFO]|script||document.write("<hr>#3");
[28/04/2019 08:11:00.024]|[INFO]|script||
eval(1+1+1+1);
document.write("188888");
[28/04/2019 08:11:00.030]|[INFO]|Creating file: /home/ico/Desktop/Work/WebsiteRaker-20190424T100537Z-001/WebsiteRaker/malware/fileCreated.js
[28/04/2019 08:23:05.625]|[INFO]|Default IE Selected: Mozilla/5.0 (Windows NT 6.1; Trident/7.0; rv:11.0) like Gecko
[28/04/2019 08:23:05.693]|[INFO]|Starting job http://localhost/1.php
[28/04/2019 08:23:06.388]|[INFO]|Last page Navigated to Lolz3 status: 200 date: Sun, 28 Apr 2019 15:23:06 GMT
[28/04/2019 08:23:06.401]|[INFO]|Creating file: /home/ico/Desktop/Work/WebsiteRaker-20190424T100537Z-001/WebsiteRaker/malware/fileCreated.js
[28/04/2019 08:24:53.710]|[INFO]|Default IE Selected: Mozilla/5.0 (Windows NT 6.1; Trident/7.0; rv:11.0) like Gecko
[28/04/2019 08:24:53.760]|[INFO]|Starting job http://localhost/1.php
[28/04/2019 08:24:54.380]|[INFO]|Last page Navigated to Lolz3 status: 200 date: Sun, 28 Apr 2019 15:24:54 GMT
[28/04/2019 08:24:54.393]|[INFO]|Creating file: /home/ico/Desktop/Work/WebsiteRaker-20190424T100537Z-001/WebsiteRaker/malware/fileCreated.js
[28/04/2019 08:30:02.268]|[INFO]|Default IE Selected: Mozilla/5.0 (Windows NT 6.1; Trident/7.0; rv:11.0) like Gecko
[28/04/2019 08:30:02.337]|[INFO]|Starting job http://localhost/1.php
[28/04/2019 08:30:02.964]|[INFO]|Last page Navigated to Lolz3 status: 200 date: Sun, 28 Apr 2019 15:30:02 GMT
[28/04/2019 08:30:02.982]|[INFO]|Creating file: /home/ico/Desktop/Work/WebsiteRaker-20190424T100537Z-001/WebsiteRaker/malware/fileCreated.js
[28/04/2019 08:31:37.950]|[INFO]|Default IE Selected: Mozilla/5.0 (Windows NT 6.1; Trident/7.0; rv:11.0) like Gecko
[28/04/2019 08:31:38.008]|[INFO]|Starting job http://localhost/1.php
[28/04/2019 08:31:38.647]|[INFO]|Last page Navigated to Lolz3 status: 200 date: Sun, 28 Apr 2019 15:31:38 GMT
[28/04/2019 08:31:38.678]|[INFO]|Creating file: /home/ico/Desktop/Work/WebsiteRaker-20190424T100537Z-001/WebsiteRaker/malware/fileCreated.js
[28/04/2019 08:32:17.663]|[INFO]|Default IE Selected: Mozilla/5.0 (Windows NT 6.1; Trident/7.0; rv:11.0) like Gecko
[28/04/2019 08:32:17.730]|[INFO]|Starting job http://localhost/1.php
[28/04/2019 08:32:18.525]|[INFO]|Last page Navigated to Lolz3 status: 200 date: Sun, 28 Apr 2019 15:32:18 GMT
[28/04/2019 08:32:18.541]|[INFO]|Creating file: /home/ico/Desktop/Work/WebsiteRaker-20190424T100537Z-001/WebsiteRaker/malware/fileCreated.js
[28/04/2019 08:41:58.574]|[INFO]|Default IE Selected: Mozilla/5.0 (Windows NT 6.1; Trident/7.0; rv:11.0) like Gecko
[28/04/2019 08:41:58.623]|[INFO]|Starting job http://localhost/1.php
[28/04/2019 08:41:59.217]|[INFO]|Last page Navigated to Lolz3 status: 200 date: Sun, 28 Apr 2019 15:41:59 GMT
[28/04/2019 08:41:59.239]|[INFO]|Creating file: /home/ico/Desktop/Work/WebsiteRaker-20190424T100537Z-001/WebsiteRaker/malware/fileCreated.js
